<?xml version="1.0" encoding="UTF-8"?>
<!-- Generated by org.testng.reporters.JUnitXMLReporter -->
<testsuite hostname="RJINDAL" name="Test in Chrome" tests="10" failures="1" timestamp="19 Sep 2014 20:38:27 GMT" time="4.792" errors="0">
  <testcase name="@AfterMethod closeBrowser" time="0.0" classname="com.seleniumtests.test.ClubReg">
    <failure type="org.openqa.selenium.NoSuchWindowException" message="no such window: target window already closed
from unknown error: web view not found
  (Session info: chrome=37.0.2062.120)
  (Driver info: chromedriver=2.10.267521,platform=Windows NT 6.1 x86_64) (WARNING: The server did not provide any stacktrace information)
Command duration or timeout: 5 milliseconds
Build info: version: &amp;apos;2.43.0&amp;apos;, revision: &amp;apos;accb3003b9fb8f7cae30f9669b4c594a065396a6&amp;apos;, time: &amp;apos;2014-09-09 22:22:51&amp;apos;
System info: host: &amp;apos;RJINDAL&amp;apos;, ip: &amp;apos;192.168.207.122&amp;apos;, os.name: &amp;apos;Windows 7&amp;apos;, os.arch: &amp;apos;amd64&amp;apos;, os.version: &amp;apos;6.1&amp;apos;, java.version: &amp;apos;1.7.0_67&amp;apos;
Session ID: ec3e1b5924d3cb6332f634c7fff06e96
Driver info: org.openqa.selenium.chrome.ChromeDriver
Capabilities [{platform=XP, acceptSslCerts=true, javascriptEnabled=true, browserName=chrome, chrome={userDataDir=C:\Users\Ravi\AppData\Local\Temp\scoped_dir11396_8803}, rotatable=false, locationContextEnabled=true, version=37.0.2062.120, takesHeapSnapshot=true, cssSelectorsEnabled=true, databaseEnabled=false, handlesAlerts=true, browserConnectionEnabled=false, nativeEvents=true, webStorageEnabled=true, applicationCacheEnabled=false, takesScreenshot=true}]">
      <![CDATA[org.openqa.selenium.NoSuchWindowException: no such window: target window already closed
from unknown error: web view not found
  (Session info: chrome=37.0.2062.120)
  (Driver info: chromedriver=2.10.267521,platform=Windows NT 6.1 x86_64) (WARNING: The server did not provide any stacktrace information)
Command duration or timeout: 5 milliseconds
Build info: version: '2.43.0', revision: 'accb3003b9fb8f7cae30f9669b4c594a065396a6', time: '2014-09-09 22:22:51'
System info: host: 'RJINDAL', ip: '192.168.207.122', os.name: 'Windows 7', os.arch: 'amd64', os.version: '6.1', java.version: '1.7.0_67'
Session ID: ec3e1b5924d3cb6332f634c7fff06e96
Driver info: org.openqa.selenium.chrome.ChromeDriver
Capabilities [{platform=XP, acceptSslCerts=true, javascriptEnabled=true, browserName=chrome, chrome={userDataDir=C:\Users\Ravi\AppData\Local\Temp\scoped_dir11396_8803}, rotatable=false, locationContextEnabled=true, version=37.0.2062.120, takesHeapSnapshot=true, cssSelectorsEnabled=true, databaseEnabled=false, handlesAlerts=true, browserConnectionEnabled=false, nativeEvents=true, webStorageEnabled=true, applicationCacheEnabled=false, takesScreenshot=true}]
	at sun.reflect.NativeConstructorAccessorImpl.newInstance0(Native Method)
	at sun.reflect.NativeConstructorAccessorImpl.newInstance(Unknown Source)
	at sun.reflect.DelegatingConstructorAccessorImpl.newInstance(Unknown Source)
	at java.lang.reflect.Constructor.newInstance(Unknown Source)
	at org.openqa.selenium.remote.ErrorHandler.createThrowable(ErrorHandler.java:204)
	at org.openqa.selenium.remote.ErrorHandler.throwIfResponseFailed(ErrorHandler.java:156)
	at org.openqa.selenium.remote.RemoteWebDriver.execute(RemoteWebDriver.java:599)
	at org.openqa.selenium.remote.RemoteWebDriver.execute(RemoteWebDriver.java:614)
	at org.openqa.selenium.remote.RemoteWebDriver.getScreenshotAs(RemoteWebDriver.java:324)
	at com.seleniumtests.core.DriverFactory.closeBrowser(DriverFactory.java:95)
	at sun.reflect.NativeMethodAccessorImpl.invoke0(Native Method)
	at sun.reflect.NativeMethodAccessorImpl.invoke(Unknown Source)
	at sun.reflect.DelegatingMethodAccessorImpl.invoke(Unknown Source)
	at java.lang.reflect.Method.invoke(Unknown Source)
	at org.testng.internal.MethodInvocationHelper.invokeMethod(MethodInvocationHelper.java:84)
	at org.testng.internal.Invoker.invokeConfigurationMethod(Invoker.java:564)
	at org.testng.internal.Invoker.invokeConfigurations(Invoker.java:213)
	at org.testng.internal.Invoker.invokeMethod(Invoker.java:786)
	at org.testng.internal.Invoker.invokeTestMethod(Invoker.java:901)
	at org.testng.internal.Invoker.invokeTestMethods(Invoker.java:1231)
	at org.testng.internal.TestMethodWorker.invokeTestMethods(TestMethodWorker.java:127)
	at org.testng.internal.TestMethodWorker.run(TestMethodWorker.java:111)
	at org.testng.TestRunner.privateRun(TestRunner.java:767)
	at org.testng.TestRunner.run(TestRunner.java:617)
	at org.testng.SuiteRunner.runTest(SuiteRunner.java:334)
	at org.testng.SuiteRunner.access$000(SuiteRunner.java:37)
	at org.testng.SuiteRunner$SuiteWorker.run(SuiteRunner.java:368)
	at org.testng.internal.thread.ThreadUtil$2.call(ThreadUtil.java:64)
	at java.util.concurrent.FutureTask.run(Unknown Source)
	at java.util.concurrent.ThreadPoolExecutor.runWorker(Unknown Source)
	at java.util.concurrent.ThreadPoolExecutor$Worker.run(Unknown Source)
	at java.lang.Thread.run(Unknown Source)
]]>
    </failure>
  </testcase> <!-- @AfterMethod closeBrowser -->
  <testcase name="@BeforeMethod openBrowser" time="0.0" classname="com.seleniumtests.test.ClubReg">
    <skipped/>
  </testcase> <!-- @BeforeMethod openBrowser -->
  <testcase name="@BeforeMethod setEnv" time="0.0" classname="com.seleniumtests.test.ClubReg">
    <skipped/>
  </testcase> <!-- @BeforeMethod setEnv -->
  <testcase name="@AfterMethod closeBrowser" time="0.0" classname="com.seleniumtests.test.ClubReg">
    <skipped/>
  </testcase> <!-- @AfterMethod closeBrowser -->
  <testcase name="@BeforeMethod openBrowser" time="0.0" classname="com.seleniumtests.test.ClubReg">
    <skipped/>
  </testcase> <!-- @BeforeMethod openBrowser -->
  <testcase name="@BeforeMethod setEnv" time="0.0" classname="com.seleniumtests.test.ClubReg">
    <skipped/>
  </testcase> <!-- @BeforeMethod setEnv -->
  <testcase name="@AfterMethod closeBrowser" time="0.0" classname="com.seleniumtests.test.ClubReg">
    <skipped/>
  </testcase> <!-- @AfterMethod closeBrowser -->
  <testcase name="@BeforeMethod openBrowser" time="0.0" classname="com.seleniumtests.test.ClubReg">
    <skipped/>
  </testcase> <!-- @BeforeMethod openBrowser -->
  <testcase name="@BeforeMethod setEnv" time="0.0" classname="com.seleniumtests.test.ClubReg">
    <skipped/>
  </testcase> <!-- @BeforeMethod setEnv -->
  <testcase name="@AfterMethod closeBrowser" time="0.0" classname="com.seleniumtests.test.ClubReg">
    <skipped/>
  </testcase> <!-- @AfterMethod closeBrowser -->
  <testcase name="@BeforeMethod openBrowser" time="0.0" classname="com.seleniumtests.test.ClubReg">
    <skipped/>
  </testcase> <!-- @BeforeMethod openBrowser -->
  <testcase name="@BeforeMethod setEnv" time="0.0" classname="com.seleniumtests.test.ClubReg">
    <skipped/>
  </testcase> <!-- @BeforeMethod setEnv -->
  <testcase name="@AfterMethod closeBrowser" time="0.0" classname="com.seleniumtests.test.ClubReg">
    <skipped/>
  </testcase> <!-- @AfterMethod closeBrowser -->
  <testcase name="@BeforeMethod openBrowser" time="0.0" classname="com.seleniumtests.test.ClubReg">
    <skipped/>
  </testcase> <!-- @BeforeMethod openBrowser -->
  <testcase name="@BeforeMethod setEnv" time="0.0" classname="com.seleniumtests.test.ClubReg">
    <skipped/>
  </testcase> <!-- @BeforeMethod setEnv -->
  <testcase name="@AfterMethod closeBrowser" time="0.0" classname="com.seleniumtests.test.ClubReg">
    <skipped/>
  </testcase> <!-- @AfterMethod closeBrowser -->
  <testcase name="@BeforeMethod openBrowser" time="0.0" classname="com.seleniumtests.test.ClubReg">
    <skipped/>
  </testcase> <!-- @BeforeMethod openBrowser -->
  <testcase name="@BeforeMethod setEnv" time="0.0" classname="com.seleniumtests.test.ClubReg">
    <skipped/>
  </testcase> <!-- @BeforeMethod setEnv -->
  <testcase name="@AfterMethod closeBrowser" time="0.0" classname="com.seleniumtests.test.ClubReg">
    <skipped/>
  </testcase> <!-- @AfterMethod closeBrowser -->
  <testcase name="@BeforeMethod openBrowser" time="0.0" classname="com.seleniumtests.test.ClubReg">
    <skipped/>
  </testcase> <!-- @BeforeMethod openBrowser -->
  <testcase name="@BeforeMethod setEnv" time="0.0" classname="com.seleniumtests.test.ClubReg">
    <skipped/>
  </testcase> <!-- @BeforeMethod setEnv -->
  <testcase name="@AfterMethod closeBrowser" time="0.0" classname="com.seleniumtests.test.ClubReg">
    <skipped/>
  </testcase> <!-- @AfterMethod closeBrowser -->
  <testcase name="@BeforeMethod openBrowser" time="0.0" classname="com.seleniumtests.test.ClubReg">
    <skipped/>
  </testcase> <!-- @BeforeMethod openBrowser -->
  <testcase name="@BeforeMethod setEnv" time="0.0" classname="com.seleniumtests.test.ClubReg">
    <skipped/>
  </testcase> <!-- @BeforeMethod setEnv -->
  <testcase name="@AfterMethod closeBrowser" time="0.0" classname="com.seleniumtests.test.ClubReg">
    <skipped/>
  </testcase> <!-- @AfterMethod closeBrowser -->
  <testcase name="@BeforeMethod openBrowser" time="0.0" classname="com.seleniumtests.test.ClubReg">
    <skipped/>
  </testcase> <!-- @BeforeMethod openBrowser -->
  <testcase name="@BeforeMethod setEnv" time="0.0" classname="com.seleniumtests.test.ClubReg">
    <skipped/>
  </testcase> <!-- @BeforeMethod setEnv -->
  <testcase name="@AfterMethod closeBrowser" time="0.0" classname="com.seleniumtests.test.ClubReg">
    <skipped/>
  </testcase> <!-- @AfterMethod closeBrowser -->
  <testcase name="newClubRegistrationUsingCSVFile" time="1.101" classname="com.seleniumtests.test.ClubReg">
    <failure type="org.openqa.selenium.NoSuchWindowException" message="no such window: target window already closed
from unknown error: web view not found
  (Session info: chrome=37.0.2062.120)
  (Driver info: chromedriver=2.10.267521,platform=Windows NT 6.1 x86_64) (WARNING: The server did not provide any stacktrace information)
Command duration or timeout: 3 milliseconds
Build info: version: &amp;apos;2.43.0&amp;apos;, revision: &amp;apos;accb3003b9fb8f7cae30f9669b4c594a065396a6&amp;apos;, time: &amp;apos;2014-09-09 22:22:51&amp;apos;
System info: host: &amp;apos;RJINDAL&amp;apos;, ip: &amp;apos;192.168.207.122&amp;apos;, os.name: &amp;apos;Windows 7&amp;apos;, os.arch: &amp;apos;amd64&amp;apos;, os.version: &amp;apos;6.1&amp;apos;, java.version: &amp;apos;1.7.0_67&amp;apos;
Session ID: ec3e1b5924d3cb6332f634c7fff06e96
Driver info: org.openqa.selenium.chrome.ChromeDriver
Capabilities [{platform=XP, acceptSslCerts=true, javascriptEnabled=true, browserName=chrome, chrome={userDataDir=C:\Users\Ravi\AppData\Local\Temp\scoped_dir11396_8803}, rotatable=false, locationContextEnabled=true, version=37.0.2062.120, takesHeapSnapshot=true, cssSelectorsEnabled=true, databaseEnabled=false, handlesAlerts=true, browserConnectionEnabled=false, nativeEvents=true, webStorageEnabled=true, applicationCacheEnabled=false, takesScreenshot=true}]">
      <![CDATA[org.openqa.selenium.NoSuchWindowException: no such window: target window already closed
from unknown error: web view not found
  (Session info: chrome=37.0.2062.120)
  (Driver info: chromedriver=2.10.267521,platform=Windows NT 6.1 x86_64) (WARNING: The server did not provide any stacktrace information)
Command duration or timeout: 3 milliseconds
Build info: version: '2.43.0', revision: 'accb3003b9fb8f7cae30f9669b4c594a065396a6', time: '2014-09-09 22:22:51'
System info: host: 'RJINDAL', ip: '192.168.207.122', os.name: 'Windows 7', os.arch: 'amd64', os.version: '6.1', java.version: '1.7.0_67'
Session ID: ec3e1b5924d3cb6332f634c7fff06e96
Driver info: org.openqa.selenium.chrome.ChromeDriver
Capabilities [{platform=XP, acceptSslCerts=true, javascriptEnabled=true, browserName=chrome, chrome={userDataDir=C:\Users\Ravi\AppData\Local\Temp\scoped_dir11396_8803}, rotatable=false, locationContextEnabled=true, version=37.0.2062.120, takesHeapSnapshot=true, cssSelectorsEnabled=true, databaseEnabled=false, handlesAlerts=true, browserConnectionEnabled=false, nativeEvents=true, webStorageEnabled=true, applicationCacheEnabled=false, takesScreenshot=true}]
	at sun.reflect.NativeConstructorAccessorImpl.newInstance0(Native Method)
	at sun.reflect.NativeConstructorAccessorImpl.newInstance(Unknown Source)
	at sun.reflect.DelegatingConstructorAccessorImpl.newInstance(Unknown Source)
	at java.lang.reflect.Constructor.newInstance(Unknown Source)
	at org.openqa.selenium.remote.ErrorHandler.createThrowable(ErrorHandler.java:204)
	at org.openqa.selenium.remote.ErrorHandler.throwIfResponseFailed(ErrorHandler.java:156)
	at org.openqa.selenium.remote.RemoteWebDriver.execute(RemoteWebDriver.java:599)
	at org.openqa.selenium.remote.RemoteWebDriver.findElement(RemoteWebDriver.java:352)
	at org.openqa.selenium.remote.RemoteWebDriver.findElementByLinkText(RemoteWebDriver.java:401)
	at org.openqa.selenium.By$ByLinkText.findElement(By.java:242)
	at org.openqa.selenium.remote.RemoteWebDriver.findElement(RemoteWebDriver.java:344)
	at org.openqa.selenium.support.pagefactory.DefaultElementLocator.findElement(DefaultElementLocator.java:59)
	at org.openqa.selenium.support.pagefactory.internal.LocatingElementHandler.invoke(LocatingElementHandler.java:37)
	at com.sun.proxy.$Proxy12.click(Unknown Source)
	at com.seleniumtests.pageobject.Home.clickNotAMember(Home.java:24)
	at com.seleniumtests.test.ClubReg.newClubRegistrationUsingCSVFile(ClubReg.java:32)
	at sun.reflect.NativeMethodAccessorImpl.invoke0(Native Method)
	at sun.reflect.NativeMethodAccessorImpl.invoke(Unknown Source)
	at sun.reflect.DelegatingMethodAccessorImpl.invoke(Unknown Source)
	at java.lang.reflect.Method.invoke(Unknown Source)
	at org.testng.internal.MethodInvocationHelper.invokeMethod(MethodInvocationHelper.java:84)
	at org.testng.internal.Invoker.invokeMethod(Invoker.java:714)
	at org.testng.internal.Invoker.invokeTestMethod(Invoker.java:901)
	at org.testng.internal.Invoker.invokeTestMethods(Invoker.java:1231)
	at org.testng.internal.TestMethodWorker.invokeTestMethods(TestMethodWorker.java:127)
	at org.testng.internal.TestMethodWorker.run(TestMethodWorker.java:111)
	at org.testng.TestRunner.privateRun(TestRunner.java:767)
	at org.testng.TestRunner.run(TestRunner.java:617)
	at org.testng.SuiteRunner.runTest(SuiteRunner.java:334)
	at org.testng.SuiteRunner.access$000(SuiteRunner.java:37)
	at org.testng.SuiteRunner$SuiteWorker.run(SuiteRunner.java:368)
	at org.testng.internal.thread.ThreadUtil$2.call(ThreadUtil.java:64)
	at java.util.concurrent.FutureTask.run(Unknown Source)
	at java.util.concurrent.ThreadPoolExecutor.runWorker(Unknown Source)
	at java.util.concurrent.ThreadPoolExecutor$Worker.run(Unknown Source)
	at java.lang.Thread.run(Unknown Source)
]]>
    </failure>
  </testcase> <!-- newClubRegistrationUsingCSVFile -->
  <testcase name="newClubRegistrationUsingCSVFile" time="0.001" classname="com.seleniumtests.test.ClubReg">
    <skipped/>
  </testcase> <!-- newClubRegistrationUsingCSVFile -->
  <testcase name="newClubRegistrationUsingCSVFile" time="0.001" classname="com.seleniumtests.test.ClubReg">
    <skipped/>
  </testcase> <!-- newClubRegistrationUsingCSVFile -->
  <testcase name="newClubRegistrationUsingCSVFile" time="0.0" classname="com.seleniumtests.test.ClubReg">
    <skipped/>
  </testcase> <!-- newClubRegistrationUsingCSVFile -->
  <testcase name="newClubRegistrationUsingCSVFile" time="0.001" classname="com.seleniumtests.test.ClubReg">
    <skipped/>
  </testcase> <!-- newClubRegistrationUsingCSVFile -->
  <testcase name="DuplicateClubRegistrationUsingCSVFile" time="0.001" classname="com.seleniumtests.test.ClubReg">
    <skipped/>
  </testcase> <!-- DuplicateClubRegistrationUsingCSVFile -->
  <testcase name="DuplicateClubRegistrationUsingCSVFile" time="0.0" classname="com.seleniumtests.test.ClubReg">
    <skipped/>
  </testcase> <!-- DuplicateClubRegistrationUsingCSVFile -->
  <testcase name="DuplicateClubRegistrationUsingCSVFile" time="0.001" classname="com.seleniumtests.test.ClubReg">
    <skipped/>
  </testcase> <!-- DuplicateClubRegistrationUsingCSVFile -->
  <testcase name="DuplicateClubRegistrationUsingCSVFile" time="0.001" classname="com.seleniumtests.test.ClubReg">
    <skipped/>
  </testcase> <!-- DuplicateClubRegistrationUsingCSVFile -->
  <testcase name="DuplicateClubRegistrationUsingCSVFile" time="0.0" classname="com.seleniumtests.test.ClubReg">
    <skipped/>
  </testcase> <!-- DuplicateClubRegistrationUsingCSVFile -->
</testsuite> <!-- Test in Chrome -->
