<?xml version="1.0" encoding="UTF-8"?>
<!-- Generated by org.testng.reporters.JUnitXMLReporter -->
<testsuite hostname="RJINDAL" name="Test in FF" tests="10" failures="0" timestamp="19 Sep 2014 19:16:00 GMT" time="1.229" errors="0">
  <testcase name="@BeforeMethod openBrowser" time="0.0" classname="com.seleniumtests.test.ClubReg">
    <failure type="java.lang.NoClassDefFoundError" message="org/w3c/dom/ElementTraversal">
      <![CDATA[java.lang.NoClassDefFoundError: org/w3c/dom/ElementTraversal
	at java.lang.ClassLoader.defineClass1(Native Method)
	at java.lang.ClassLoader.defineClass(Unknown Source)
	at java.security.SecureClassLoader.defineClass(Unknown Source)
	at java.net.URLClassLoader.defineClass(Unknown Source)
	at java.net.URLClassLoader.access$100(Unknown Source)
	at java.net.URLClassLoader$1.run(Unknown Source)
	at java.net.URLClassLoader$1.run(Unknown Source)
	at java.security.AccessController.doPrivileged(Native Method)
	at java.net.URLClassLoader.findClass(Unknown Source)
	at java.lang.ClassLoader.loadClass(Unknown Source)
	at sun.misc.Launcher$AppClassLoader.loadClass(Unknown Source)
	at java.lang.ClassLoader.loadClass(Unknown Source)
	at org.apache.xerces.parsers.AbstractDOMParser.startDocument(Unknown Source)
	at org.apache.xerces.impl.dtd.XMLDTDValidator.startDocument(Unknown Source)
	at org.apache.xerces.impl.XMLDocumentScannerImpl.startEntity(Unknown Source)
	at org.apache.xerces.impl.XMLVersionDetector.startDocumentParsing(Unknown Source)
	at org.apache.xerces.parsers.XML11Configuration.parse(Unknown Source)
	at org.apache.xerces.parsers.XML11Configuration.parse(Unknown Source)
	at org.apache.xerces.parsers.XMLParser.parse(Unknown Source)
	at org.apache.xerces.parsers.DOMParser.parse(Unknown Source)
	at org.apache.xerces.jaxp.DocumentBuilderImpl.parse(Unknown Source)
	at javax.xml.parsers.DocumentBuilder.parse(Unknown Source)
	at org.openqa.selenium.firefox.internal.FileExtension.readIdFromInstallRdf(FileExtension.java:97)
	at org.openqa.selenium.firefox.internal.FileExtension.writeTo(FileExtension.java:60)
	at org.openqa.selenium.firefox.internal.ClasspathExtension.writeTo(ClasspathExtension.java:63)
	at org.openqa.selenium.firefox.FirefoxProfile.installExtensions(FirefoxProfile.java:425)
	at org.openqa.selenium.firefox.FirefoxProfile.layoutOnDisk(FirefoxProfile.java:403)
	at org.openqa.selenium.firefox.internal.NewProfileExtensionConnection.start(NewProfileExtensionConnection.java:89)
	at org.openqa.selenium.firefox.FirefoxDriver.startClient(FirefoxDriver.java:246)
	at org.openqa.selenium.remote.RemoteWebDriver.<init>(RemoteWebDriver.java:114)
	at org.openqa.selenium.firefox.FirefoxDriver.<init>(FirefoxDriver.java:191)
	at org.openqa.selenium.firefox.FirefoxDriver.<init>(FirefoxDriver.java:186)
	at org.openqa.selenium.firefox.FirefoxDriver.<init>(FirefoxDriver.java:182)
	at org.openqa.selenium.firefox.FirefoxDriver.<init>(FirefoxDriver.java:95)
	at com.seleniumtests.core.DriverFactory.openBrowser(DriverFactory.java:63)
	at sun.reflect.NativeMethodAccessorImpl.invoke0(Native Method)
	at sun.reflect.NativeMethodAccessorImpl.invoke(Unknown Source)
	at sun.reflect.DelegatingMethodAccessorImpl.invoke(Unknown Source)
	at java.lang.reflect.Method.invoke(Unknown Source)
	at org.testng.internal.MethodInvocationHelper.invokeMethod(MethodInvocationHelper.java:84)
	at org.testng.internal.Invoker.invokeConfigurationMethod(Invoker.java:564)
	at org.testng.internal.Invoker.invokeConfigurations(Invoker.java:213)
	at org.testng.internal.Invoker.invokeMethod(Invoker.java:653)
	at org.testng.internal.Invoker.invokeTestMethod(Invoker.java:901)
	at org.testng.internal.Invoker.invokeTestMethods(Invoker.java:1231)
	at org.testng.internal.TestMethodWorker.invokeTestMethods(TestMethodWorker.java:127)
	at org.testng.internal.TestMethodWorker.run(TestMethodWorker.java:111)
	at org.testng.TestRunner.privateRun(TestRunner.java:767)
	at org.testng.TestRunner.run(TestRunner.java:617)
	at org.testng.SuiteRunner.runTest(SuiteRunner.java:334)
	at org.testng.SuiteRunner.access$000(SuiteRunner.java:37)
	at org.testng.SuiteRunner$SuiteWorker.run(SuiteRunner.java:368)
	at org.testng.internal.thread.ThreadUtil$2.call(ThreadUtil.java:64)
	at java.util.concurrent.FutureTask.run(Unknown Source)
	at java.util.concurrent.ThreadPoolExecutor.runWorker(Unknown Source)
	at java.util.concurrent.ThreadPoolExecutor$Worker.run(Unknown Source)
	at java.lang.Thread.run(Unknown Source)
Caused by: java.lang.ClassNotFoundException: org.w3c.dom.ElementTraversal
	at java.net.URLClassLoader$1.run(Unknown Source)
	at java.net.URLClassLoader$1.run(Unknown Source)
	at java.security.AccessController.doPrivileged(Native Method)
	at java.net.URLClassLoader.findClass(Unknown Source)
	at java.lang.ClassLoader.loadClass(Unknown Source)
	at sun.misc.Launcher$AppClassLoader.loadClass(Unknown Source)
	at java.lang.ClassLoader.loadClass(Unknown Source)
	... 57 more
]]>
    </failure>
  </testcase> <!-- @BeforeMethod openBrowser -->
  <testcase name="@BeforeMethod setEnv" time="0.0" classname="com.seleniumtests.test.ClubReg">
    <skipped/>
  </testcase> <!-- @BeforeMethod setEnv -->
  <testcase name="@AfterMethod closeBrowser" time="0.0" classname="com.seleniumtests.test.ClubReg">
    <skipped/>
  </testcase> <!-- @AfterMethod closeBrowser -->
  <testcase name="@BeforeMethod openBrowser" time="0.0" classname="com.seleniumtests.test.ClubReg">
    <skipped/>
  </testcase> <!-- @BeforeMethod openBrowser -->
  <testcase name="@BeforeMethod setEnv" time="0.0" classname="com.seleniumtests.test.ClubReg">
    <skipped/>
  </testcase> <!-- @BeforeMethod setEnv -->
  <testcase name="@AfterMethod closeBrowser" time="0.0" classname="com.seleniumtests.test.ClubReg">
    <skipped/>
  </testcase> <!-- @AfterMethod closeBrowser -->
  <testcase name="@BeforeMethod openBrowser" time="0.0" classname="com.seleniumtests.test.ClubReg">
    <skipped/>
  </testcase> <!-- @BeforeMethod openBrowser -->
  <testcase name="@BeforeMethod setEnv" time="0.0" classname="com.seleniumtests.test.ClubReg">
    <skipped/>
  </testcase> <!-- @BeforeMethod setEnv -->
  <testcase name="@AfterMethod closeBrowser" time="0.0" classname="com.seleniumtests.test.ClubReg">
    <skipped/>
  </testcase> <!-- @AfterMethod closeBrowser -->
  <testcase name="@BeforeMethod openBrowser" time="0.0" classname="com.seleniumtests.test.ClubReg">
    <skipped/>
  </testcase> <!-- @BeforeMethod openBrowser -->
  <testcase name="@BeforeMethod setEnv" time="0.0" classname="com.seleniumtests.test.ClubReg">
    <skipped/>
  </testcase> <!-- @BeforeMethod setEnv -->
  <testcase name="@AfterMethod closeBrowser" time="0.0" classname="com.seleniumtests.test.ClubReg">
    <skipped/>
  </testcase> <!-- @AfterMethod closeBrowser -->
  <testcase name="@BeforeMethod openBrowser" time="0.0" classname="com.seleniumtests.test.ClubReg">
    <skipped/>
  </testcase> <!-- @BeforeMethod openBrowser -->
  <testcase name="@BeforeMethod setEnv" time="0.0" classname="com.seleniumtests.test.ClubReg">
    <skipped/>
  </testcase> <!-- @BeforeMethod setEnv -->
  <testcase name="@AfterMethod closeBrowser" time="0.0" classname="com.seleniumtests.test.ClubReg">
    <skipped/>
  </testcase> <!-- @AfterMethod closeBrowser -->
  <testcase name="@BeforeMethod openBrowser" time="0.0" classname="com.seleniumtests.test.ClubReg">
    <skipped/>
  </testcase> <!-- @BeforeMethod openBrowser -->
  <testcase name="@BeforeMethod setEnv" time="0.0" classname="com.seleniumtests.test.ClubReg">
    <skipped/>
  </testcase> <!-- @BeforeMethod setEnv -->
  <testcase name="@AfterMethod closeBrowser" time="0.0" classname="com.seleniumtests.test.ClubReg">
    <skipped/>
  </testcase> <!-- @AfterMethod closeBrowser -->
  <testcase name="@BeforeMethod openBrowser" time="0.0" classname="com.seleniumtests.test.ClubReg">
    <skipped/>
  </testcase> <!-- @BeforeMethod openBrowser -->
  <testcase name="@BeforeMethod setEnv" time="0.0" classname="com.seleniumtests.test.ClubReg">
    <skipped/>
  </testcase> <!-- @BeforeMethod setEnv -->
  <testcase name="@AfterMethod closeBrowser" time="0.0" classname="com.seleniumtests.test.ClubReg">
    <skipped/>
  </testcase> <!-- @AfterMethod closeBrowser -->
  <testcase name="@BeforeMethod openBrowser" time="0.0" classname="com.seleniumtests.test.ClubReg">
    <skipped/>
  </testcase> <!-- @BeforeMethod openBrowser -->
  <testcase name="@BeforeMethod setEnv" time="0.0" classname="com.seleniumtests.test.ClubReg">
    <skipped/>
  </testcase> <!-- @BeforeMethod setEnv -->
  <testcase name="@AfterMethod closeBrowser" time="0.0" classname="com.seleniumtests.test.ClubReg">
    <skipped/>
  </testcase> <!-- @AfterMethod closeBrowser -->
  <testcase name="@BeforeMethod openBrowser" time="0.0" classname="com.seleniumtests.test.ClubReg">
    <skipped/>
  </testcase> <!-- @BeforeMethod openBrowser -->
  <testcase name="@BeforeMethod setEnv" time="0.0" classname="com.seleniumtests.test.ClubReg">
    <skipped/>
  </testcase> <!-- @BeforeMethod setEnv -->
  <testcase name="@AfterMethod closeBrowser" time="0.0" classname="com.seleniumtests.test.ClubReg">
    <skipped/>
  </testcase> <!-- @AfterMethod closeBrowser -->
  <testcase name="@BeforeMethod openBrowser" time="0.0" classname="com.seleniumtests.test.ClubReg">
    <skipped/>
  </testcase> <!-- @BeforeMethod openBrowser -->
  <testcase name="@BeforeMethod setEnv" time="0.0" classname="com.seleniumtests.test.ClubReg">
    <skipped/>
  </testcase> <!-- @BeforeMethod setEnv -->
  <testcase name="@AfterMethod closeBrowser" time="0.0" classname="com.seleniumtests.test.ClubReg">
    <skipped/>
  </testcase> <!-- @AfterMethod closeBrowser -->
  <testcase name="newClubRegistrationUsingCSVFile" time="0.001" classname="com.seleniumtests.test.ClubReg">
    <skipped/>
  </testcase> <!-- newClubRegistrationUsingCSVFile -->
  <testcase name="newClubRegistrationUsingCSVFile" time="0.002" classname="com.seleniumtests.test.ClubReg">
    <skipped/>
  </testcase> <!-- newClubRegistrationUsingCSVFile -->
  <testcase name="newClubRegistrationUsingCSVFile" time="0.0" classname="com.seleniumtests.test.ClubReg">
    <skipped/>
  </testcase> <!-- newClubRegistrationUsingCSVFile -->
  <testcase name="newClubRegistrationUsingCSVFile" time="0.001" classname="com.seleniumtests.test.ClubReg">
    <skipped/>
  </testcase> <!-- newClubRegistrationUsingCSVFile -->
  <testcase name="newClubRegistrationUsingCSVFile" time="0.001" classname="com.seleniumtests.test.ClubReg">
    <skipped/>
  </testcase> <!-- newClubRegistrationUsingCSVFile -->
  <testcase name="DuplicateClubRegistrationUsingCSVFile" time="0.0" classname="com.seleniumtests.test.ClubReg">
    <skipped/>
  </testcase> <!-- DuplicateClubRegistrationUsingCSVFile -->
  <testcase name="DuplicateClubRegistrationUsingCSVFile" time="0.001" classname="com.seleniumtests.test.ClubReg">
    <skipped/>
  </testcase> <!-- DuplicateClubRegistrationUsingCSVFile -->
  <testcase name="DuplicateClubRegistrationUsingCSVFile" time="0.0" classname="com.seleniumtests.test.ClubReg">
    <skipped/>
  </testcase> <!-- DuplicateClubRegistrationUsingCSVFile -->
  <testcase name="DuplicateClubRegistrationUsingCSVFile" time="0.001" classname="com.seleniumtests.test.ClubReg">
    <skipped/>
  </testcase> <!-- DuplicateClubRegistrationUsingCSVFile -->
  <testcase name="DuplicateClubRegistrationUsingCSVFile" time="0.001" classname="com.seleniumtests.test.ClubReg">
    <skipped/>
  </testcase> <!-- DuplicateClubRegistrationUsingCSVFile -->
</testsuite> <!-- Test in FF -->
